<?xml version="1.0" encoding="UTF-8"?>
<!-- Generated by org.testng.reporters.JUnitXMLReporter -->
<testsuite ignored="0" hostname="DESKTOP-L2DDO2Q" failures="1" tests="6" name="Test" time="13.813" errors="0" timestamp="08 Jun 2024 12:35:48 GMT">
  <testcase classname="org.testing.testScripts.TC1_PostRequest" name="testcase1" time="12.439"/>
  <testcase classname="org.testing.testScripts.TC2_GetAllRequest" name="testcase2" time="0.195"/>
  <testcase classname="org.testing.testScripts.TC3_GetParticularRequest" name="testcase3" time="0.473"/>
  <testcase classname="org.testing.testScripts.TC4_PutRequest" name="testcase4" time="0.006">
    <failure type="java.io.FileNotFoundException" message="..\APIFWk\URI.properties (The system cannot find the path specified)">
      <![CDATA[java.io.FileNotFoundException: ..\APIFWk\URI.properties (The system cannot find the path specified)
	at java.base/java.io.FileInputStream.open0(Native Method)
	at java.base/java.io.FileInputStream.open(FileInputStream.java:213)
	at java.base/java.io.FileInputStream.<init>(FileInputStream.java:152)
	at java.base/java.io.FileReader.<init>(FileReader.java:75)
	at org.testing.utilities.PropertiesHandle.LoadProperties(PropertiesHandle.java:16)
	at org.testing.testScripts.TC4_PutRequest.testcase4(TC4_PutRequest.java:18)
... Removed 23 stack frames]]>
    </failure>
  </testcase> <!-- testcase4 -->
  <testcase classname="org.testing.testScripts.TC5_deleteRequest" name="testcase5" time="0.497"/>
  <testcase classname="org.testing.testScripts.TC6_GetRequest" name="testcase6" time="0.114"/>
</testsuite> <!-- Test -->
